 0.0000 : M0 added at location Tokyo with neighbour list ['M2', 'M6', 'M12', 'M14', 'M3', 'F7', 'M10', 'F2', 'M13', 'M1', 'F8', 'M7', 'F6']
 0.0000 : M1 added at location Ireland with neighbour list ['M14', 'F1', 'F8', 'F5', 'M6', 'M13', 'M2', 'F6', 'M11', 'M9', 'M12', 'M4', 'M8']
 0.0000 : M2 added at location Tokyo with neighbour list ['F3', 'M3', 'M6', 'M9', 'M7', 'F4', 'F8', 'F7', 'F2', 'M14', 'F0', 'M13', 'M12']
 0.0000 : M3 added at location Ohio with neighbour list ['M1', 'F9', 'M9', 'M8', 'M0', 'M7', 'M11', 'F0', 'M6', 'M5', 'F8', 'F3', 'M10']
 0.0000 : M4 added at location Ireland with neighbour list ['F5', 'M0', 'F0', 'M10', 'M2', 'M1', 'F3', 'M5', 'M11', 'F9', 'M6', 'F7', 'M7']
 0.0000 : M5 added at location Tokyo with neighbour list ['F3', 'F2', 'M3', 'F7', 'F1', 'M14', 'F8', 'M8', 'M6', 'F5', 'F0', 'F4', 'M1']
 0.0000 : M6 added at location Tokyo with neighbour list ['M2', 'M0', 'M14', 'M11', 'F0', 'F3', 'F8', 'F2', 'F5', 'M8', 'M3', 'M9', 'F6']
 0.0000 : M7 added at location Tokyo with neighbour list ['F9', 'F0', 'F3', 'M11', 'M13', 'F5', 'F7', 'M2', 'F8', 'M10', 'M4', 'M9', 'M1']
 0.0000 : M8 added at location Tokyo with neighbour list ['M6', 'F6', 'M5', 'M2', 'M3', 'M10', 'M13', 'F7', 'F4', 'M7', 'M9', 'M12', 'F5']
 0.0000 : M9 added at location Ireland with neighbour list ['F9', 'F6', 'M6', 'M4', 'M14', 'F7', 'M3', 'M1', 'M12', 'M11', 'M5', 'F3', 'M2']
 0.0000 : M10 added at location Tokyo with neighbour list ['M4', 'M6', 'M5', 'F9', 'F6', 'M0', 'M2', 'M1', 'F4', 'M13', 'M8', 'M9', 'M3']
 0.0000 : M11 added at location Tokyo with neighbour list ['M9', 'M10', 'M3', 'F4', 'M7', 'F8', 'M2', 'M5', 'F1', 'M6', 'M14', 'M4', 'M8']
 0.0000 : M12 added at location Ireland with neighbour list ['M1', 'M8', 'F2', 'F6', 'M3', 'F0', 'M9', 'M13', 'M2', 'M11', 'M4', 'F1', 'M10']
 0.0000 : M13 added at location Ohio with neighbour list ['F8', 'F2', 'M14', 'F5', 'F6', 'M10', 'F4', 'F1', 'M11', 'M0', 'M4', 'M3', 'F7']
 0.0000 : M14 added at location Tokyo with neighbour list ['F4', 'F5', 'M9', 'F6', 'M0', 'F3', 'M1', 'M10', 'M12', 'M2', 'M6', 'F0', 'M3']
 0.0000 : F15 added at location Ohio with neighbour list ['F7', 'F9', 'F4', 'M4', 'F2', 'F6', 'M14', 'M6', 'M9', 'M5', 'F1', 'M11', 'M1']
 0.0000 : F16 added at location Tokyo with neighbour list ['M7', 'F3', 'M1', 'M11', 'M14', 'F7', 'F8', 'F4', 'F5', 'F9', 'M4', 'M5', 'M9']
 0.0000 : F17 added at location Ireland with neighbour list ['M6', 'M13', 'F5', 'F0', 'M11', 'M3', 'M1', 'M0', 'M2', 'F3', 'M10', 'M8', 'F1']
 0.0000 : F18 added at location Ireland with neighbour list ['F2', 'M6', 'M11', 'F9', 'M9', 'M5', 'M13', 'M14', 'F4', 'M1', 'M12', 'M0', 'F8']
 0.0000 : F19 added at location Ireland with neighbour list ['M8', 'M1', 'M13', 'M4', 'M14', 'M11', 'F1', 'M5', 'M12', 'M9', 'M6', 'M7', 'M3']
 0.0000 : F20 added at location Ireland with neighbour list ['F7', 'M14', 'F9', 'F2', 'M3', 'F6', 'M5', 'M12', 'M13', 'F3', 'M0', 'M1', 'F0']
 0.0000 : F21 added at location Ohio with neighbour list ['F4', 'F8', 'F7', 'M2', 'F3', 'F5', 'M3', 'M10', 'M14', 'M6', 'M13', 'F0', 'F9']
 0.0000 : F22 added at location Ohio with neighbour list ['M5', 'F3', 'M12', 'M11', 'F5', 'M8', 'M9', 'F2', 'F1', 'F6', 'F4', 'F0', 'M4']
 0.0000 : F23 added at location Ireland with neighbour list ['M9', 'M14', 'M2', 'F6', 'M5', 'M3', 'M11', 'F2', 'M12', 'F1', 'M6', 'F4', 'M4']
 0.0000 : F24 added at location Tokyo with neighbour list ['M0', 'M7', 'M8', 'F2', 'F4', 'M3', 'F5', 'M9', 'F8', 'F3', 'M4', 'M1', 'M5']
26.6600 : T0 added with reward 7.50
53.3200 : T1 added with reward 0.70
79.9800 : T2 added with reward 4.70
106.6400 : T3 added with reward 4.30
133.3000 : T4 added with reward 8.30
159.9600 : T5 added with reward 9.60
186.6200 : T6 added with reward 9.40
213.2800 : T7 added with reward 5.60
239.9400 : T8 added with reward 3.10
266.6000 : T9 added with reward 7.70
293.2600 : T10 added with reward 0.20
319.9200 : T11 added with reward 6.70
346.5800 : T12 added with reward 3.90
373.2400 : T13 added with reward 7.80
399.9000 : T14 added with reward 2.70
426.5600 : T15 added with reward 5.70
453.2200 : T16 added with reward 2.20
479.8800 : T17 added with reward 0.90
506.5400 : T18 added with reward 1.30
510.6415 : M14 proposing B0 with transaction list count 19 with transactions ['T5', 'T6', 'T4'] ...
510.6415 : M14 generated Block B0
510.6415 : M14 has current chain: ['B0']
510.6415 : Node M14 propagated Block B0
510.6417 : M0 added Block B0 to the chain
510.6417 : M0 has current chain: ['B0']
510.6417 : M0 interrupted. To mine block 1 now
510.6419 : M6 added Block B0 to the chain
510.6419 : M6 has current chain: ['B0']
510.6419 : M6 interrupted. To mine block 1 now
510.6420 : M3 added Block B0 to the chain
510.6420 : M3 has current chain: ['B0']
510.6420 : M3 interrupted. To mine block 1 now
510.6421 : M2 added Block B0 to the chain
510.6421 : M2 has current chain: ['B0']
510.6421 : M2 interrupted. To mine block 1 now
510.6421 : M10 added Block B0 to the chain
510.6421 : M10 has current chain: ['B0']
510.6421 : M10 interrupted. To mine block 1 now
510.6423 : F0 added Block B0 to the chain
510.6423 : F0 has current chain: ['B0']
510.6423 : M1 added Block B0 to the chain
510.6423 : M1 has current chain: ['B0']
510.6423 : M1 interrupted. To mine block 1 now
510.6423 : F5 added Block B0 to the chain
510.6423 : F5 has current chain: ['B0']
510.6424 : M9 added Block B0 to the chain
510.6424 : M9 has current chain: ['B0']
510.6424 : M9 interrupted. To mine block 1 now
510.6425 : M12 added Block B0 to the chain
510.6425 : M12 has current chain: ['B0']
510.6425 : M12 interrupted. To mine block 1 now
510.6426 : F4 added Block B0 to the chain
510.6426 : F4 has current chain: ['B0']
510.6426 : F6 added Block B0 to the chain
510.6426 : F6 has current chain: ['B0']
510.6427 : F3 added Block B0 to the chain
510.6427 : F3 has current chain: ['B0']
529.6985 : M13 proposing B0 with transaction list count 19 with transactions ['T5', 'T6', 'T4'] ...
529.6985 : M13 generated Block B0
529.6985 : M13 has current chain: ['B0']
529.6985 : Node M13 propagated Block B0
529.6989 : M11 added Block B0 to the chain
529.6989 : M11 has current chain: ['B0']
529.6989 : M11 interrupted. To mine block 1 now
529.6991 : F7 added Block B0 to the chain
529.6991 : F7 has current chain: ['B0']
529.6992 : F1 added Block B0 to the chain
529.6992 : F1 has current chain: ['B0']
529.6992 : F2 added Block B0 to the chain
529.6992 : F2 has current chain: ['B0']
529.6996 : M4 added Block B0 to the chain
529.6996 : M4 has current chain: ['B0']
529.6996 : M4 interrupted. To mine block 1 now
529.6996 : F8 added Block B0 to the chain
529.6996 : F8 has current chain: ['B0']
533.2000 : T19 added with reward 4.80
543.9746 : M5 proposing B0 with transaction list count 20 with transactions ['T5', 'T6', 'T4'] ...
543.9746 : M5 generated Block B0
543.9746 : M5 has current chain: ['B0']
543.9746 : Node M5 propagated Block B0
543.9753 : M8 added Block B0 to the chain
543.9753 : M8 has current chain: ['B0']
543.9753 : M8 interrupted. To mine block 1 now
559.8600 : T20 added with reward 6.30
577.2435 : M7 proposing B0 with transaction list count 21 with transactions ['T5', 'T6', 'T4'] ...
577.2435 : M7 generated Block B0
577.2435 : M7 has current chain: ['B0']
577.2435 : Node M7 propagated Block B0
577.2439 : F9 added Block B0 to the chain
577.2439 : F9 has current chain: ['B0']
586.5200 : T21 added with reward 1.20
613.1800 : T22 added with reward 7.90
639.8400 : T23 added with reward 6.30
666.5000 : T24 added with reward 1.40
693.1600 : T25 added with reward 8.80
719.8200 : T26 added with reward 0.90
746.4800 : T27 added with reward 6.50
773.1400 : T28 added with reward 0.80
799.8000 : T29 added with reward 2.30
826.4600 : T30 added with reward 7.10
853.1200 : T31 added with reward 1.10
879.7800 : T32 added with reward 3.30
906.4400 : T33 added with reward 1.10
933.1000 : T34 added with reward 2.80
959.7600 : T35 added with reward 7.10
986.4200 : T36 added with reward 5.70
1005.3900 : M3 proposing B1 with transaction list count 18 with transactions ['T25', 'T22', 'T30'] ...
1005.3900 : M3 generated Block B1
1005.3900 : M3 has current chain: ['B0', 'B1']
1005.3900 : Node M3 propagated Block B1
1005.3904 : M5 added Block B1 to the chain
1005.3904 : M5 has current chain: ['B0', 'B1']
1005.3904 : M5 interrupted. To mine block 2 now
1005.3905 : M0 added Block B1 to the chain
1005.3905 : M0 has current chain: ['B0', 'B1']
1005.3905 : M0 interrupted. To mine block 2 now
1005.3905 : M8 added Block B1 to the chain
1005.3905 : M8 has current chain: ['B0', 'B1']
1005.3905 : M8 interrupted. To mine block 2 now
1005.3906 : F9 added Block B1 to the chain
1005.3906 : F9 has current chain: ['B0', 'B1']
1005.3906 : M7 added Block B1 to the chain
1005.3906 : M7 has current chain: ['B0', 'B1']
1005.3906 : M7 interrupted. To mine block 2 now
1005.3906 : M11 added Block B1 to the chain
1005.3906 : M11 has current chain: ['B0', 'B1']
1005.3906 : M11 interrupted. To mine block 2 now
1005.3906 : F0 added Block B1 to the chain
1005.3906 : F0 has current chain: ['B0', 'B1']
1005.3907 : M10 added Block B1 to the chain
1005.3907 : M10 has current chain: ['B0', 'B1']
1005.3907 : M10 interrupted. To mine block 2 now
1005.3908 : M6 added Block B1 to the chain
1005.3908 : M6 has current chain: ['B0', 'B1']
1005.3908 : M6 interrupted. To mine block 2 now
1005.3912 : F3 added Block B1 to the chain
1005.3912 : F3 has current chain: ['B0', 'B1']
1005.3912 : F8 added Block B1 to the chain
1005.3912 : F8 has current chain: ['B0', 'B1']
1005.3913 : M9 added Block B1 to the chain
1005.3913 : M9 has current chain: ['B0', 'B1']
1005.3913 : M9 interrupted. To mine block 2 now
1005.3913 : M1 added Block B1 to the chain
1005.3913 : M1 has current chain: ['B0', 'B1']
1005.3913 : M1 interrupted. To mine block 2 now
1013.0800 : T37 added with reward 0.30
1039.7400 : T38 added with reward 3.50
1066.4000 : T39 added with reward 1.10
1081.9538 : M2 proposing B1 with transaction list count 21 with transactions ['T25', 'T22', 'T30'] ...
1081.9538 : M2 generated Block B1
1081.9538 : M2 has current chain: ['B0', 'B1']
1081.9538 : Node M2 propagated Block B1
1081.9544 : M13 added Block B1 to the chain
1081.9544 : M13 has current chain: ['B0', 'B1']
1081.9544 : M13 interrupted. To mine block 2 now
1081.9544 : M14 added Block B1 to the chain
1081.9544 : M14 has current chain: ['B0', 'B1']
1081.9544 : M14 interrupted. To mine block 2 now
1081.9546 : F7 added Block B1 to the chain
1081.9546 : F7 has current chain: ['B0', 'B1']
1081.9547 : M12 added Block B1 to the chain
1081.9547 : M12 has current chain: ['B0', 'B1']
1081.9547 : M12 interrupted. To mine block 2 now
1081.9549 : F4 added Block B1 to the chain
1081.9549 : F4 has current chain: ['B0', 'B1']
1081.9551 : F2 added Block B1 to the chain
1081.9551 : F2 has current chain: ['B0', 'B1']
1093.0600 : T40 added with reward 1.90
1116.6933 : M4 proposing B1 with transaction list count 22 with transactions ['T25', 'T22', 'T30'] ...
1116.6933 : M4 generated Block B1
1116.6933 : M4 has current chain: ['B0', 'B1']
1116.6933 : Node M4 propagated Block B1
1116.6943 : F5 added Block B1 to the chain
1116.6943 : F5 has current chain: ['B0', 'B1']
1119.7200 : T41 added with reward 0.40
1146.3800 : T42 added with reward 9.40
1173.0400 : T43 added with reward 2.50
1199.7000 : T44 added with reward 2.40
1226.3600 : T45 added with reward 4.10
1253.0200 : T46 added with reward 8.90
1279.6800 : T47 added with reward 5.10
1306.3400 : T48 added with reward 6.00
1333.0000 : T49 added with reward 2.60
1359.6600 : T50 added with reward 4.10
1386.3200 : T51 added with reward 3.10
1412.9800 : T52 added with reward 3.60
1439.6400 : T53 added with reward 2.40
1466.3000 : T54 added with reward 3.70
1492.9600 : T55 added with reward 1.60
1519.5465 : M6 proposing B2 with transaction list count 19 with transactions ['T42', 'T46', 'T48'] ...
1519.5465 : M6 generated Block B2
1519.5465 : M6 has current chain: ['B0', 'B1', 'B2']
1519.5465 : Node M6 propagated Block B2
1519.5469 : M0 added Block B2 to the chain
1519.5469 : M0 has current chain: ['B0', 'B1', 'B2']
1519.5469 : M0 interrupted. To mine block 3 now
1519.5470 : M11 added Block B2 to the chain
1519.5470 : M11 has current chain: ['B0', 'B1', 'B2']
1519.5470 : M11 interrupted. To mine block 3 now
1519.5470 : M2 added Block B2 to the chain
1519.5470 : M2 has current chain: ['B0', 'B1', 'B2']
1519.5470 : M2 interrupted. To mine block 3 now
1519.5471 : M14 added Block B2 to the chain
1519.5471 : M14 has current chain: ['B0', 'B1', 'B2']
1519.5471 : M14 interrupted. To mine block 3 now
1519.5471 : F6 updated to chain of M2 and reverted 2 blocks
1519.5471 : M9 added Block B2 to the chain
1519.5471 : M9 has current chain: ['B0', 'B1', 'B2']
1519.5471 : M9 interrupted. To mine block 3 now
1519.5472 : M8 added Block B2 to the chain
1519.5472 : M8 has current chain: ['B0', 'B1', 'B2']
1519.5472 : M8 interrupted. To mine block 3 now
1519.5473 : F3 added Block B2 to the chain
1519.5473 : F3 has current chain: ['B0', 'B1', 'B2']
1519.5474 : F2 added Block B2 to the chain
1519.5474 : F2 has current chain: ['B0', 'B1', 'B2']
1519.5474 : M3 added Block B2 to the chain
1519.5474 : M3 has current chain: ['B0', 'B1', 'B2']
1519.5474 : M3 interrupted. To mine block 3 now
1519.5475 : F8 added Block B2 to the chain
1519.5475 : F8 has current chain: ['B0', 'B1', 'B2']
1519.5476 : F0 added Block B2 to the chain
1519.5476 : F0 has current chain: ['B0', 'B1', 'B2']
1519.5476 : F5 added Block B2 to the chain
1519.5476 : F5 has current chain: ['B0', 'B1', 'B2']
1519.6200 : T56 added with reward 7.30
1524.7163 : M7 proposing B2 with transaction list count 20 with transactions ['T42', 'T46', 'T56'] ...
1524.7163 : M7 generated Block B2
1524.7163 : M7 has current chain: ['B0', 'B1', 'B2']
1524.7163 : Node M7 propagated Block B2
1524.7166 : F7 added Block B2 to the chain
1524.7166 : F7 has current chain: ['B0', 'B1', 'B2']
1524.7167 : M13 added Block B2 to the chain
1524.7167 : M13 has current chain: ['B0', 'B1', 'B2']
1524.7167 : M13 interrupted. To mine block 3 now
1524.7169 : F9 added Block B2 to the chain
1524.7169 : F9 has current chain: ['B0', 'B1', 'B2']
1524.7170 : M10 added Block B2 to the chain
1524.7170 : M10 has current chain: ['B0', 'B1', 'B2']
1524.7170 : M10 interrupted. To mine block 3 now
1524.7174 : M4 added Block B2 to the chain
1524.7174 : M4 has current chain: ['B0', 'B1', 'B2']
1524.7174 : M4 interrupted. To mine block 3 now
1524.7174 : M1 added Block B2 to the chain
1524.7174 : M1 has current chain: ['B0', 'B1', 'B2']
1524.7174 : M1 interrupted. To mine block 3 now
1539.5704 : M5 proposing B2 with transaction list count 20 with transactions ['T42', 'T46', 'T56'] ...
1539.5704 : M5 generated Block B2
1539.5704 : M5 has current chain: ['B0', 'B1', 'B2']
1539.5704 : Node M5 propagated Block B2
1539.5709 : F1 updated to chain of M7 and reverted 2 blocks
1539.5712 : F4 added Block B2 to the chain
1539.5712 : F4 has current chain: ['B0', 'B1', 'B2']
1546.2800 : T57 added with reward 3.20
1572.9400 : T58 added with reward 9.30
1599.6000 : T59 added with reward 5.30
1626.2600 : T60 added with reward 8.50
1652.9200 : T61 added with reward 4.20
1657.7098 : M12 proposing B2 with transaction list count 22 with transactions ['T42', 'T58', 'T46'] ...
1657.7098 : M12 generated Block B2
1657.7098 : M12 has current chain: ['B0', 'B1', 'B2']
1657.7098 : Node M12 propagated Block B2
1679.5800 : T62 added with reward 2.80
1706.2400 : T63 added with reward 7.20
1732.9000 : T64 added with reward 1.40
1759.5600 : T65 added with reward 7.60
1786.2200 : T66 added with reward 6.30
1812.8800 : T67 added with reward 9.00
1839.5400 : T68 added with reward 5.20
1866.2000 : T69 added with reward 5.60
1892.8600 : T70 added with reward 2.00
1919.5200 : T71 added with reward 9.70
1946.1800 : T72 added with reward 1.40
1972.8400 : T73 added with reward 8.70
1999.5000 : T74 added with reward 4.80
2026.1600 : T75 added with reward 1.80
2052.8200 : T76 added with reward 1.00
2054.7743 : M8 proposing B3 with transaction list count 21 with transactions ['T71', 'T58', 'T67'] ...
2054.7743 : M8 generated Block B3
2054.7743 : M8 has current chain: ['B0', 'B1', 'B2', 'B3']
2054.7743 : Node M8 propagated Block B3
2054.7744 : M13 added Block B3 to the chain
2054.7744 : M13 has current chain: ['B0', 'B1', 'B2', 'B3']
2054.7744 : M13 interrupted. To mine block 4 now
2054.7747 : F6 added Block B3 to the chain
2054.7747 : F6 has current chain: ['B0', 'B1', 'B2', 'B3']
2054.7748 : M2 added Block B3 to the chain
2054.7748 : M2 has current chain: ['B0', 'B1', 'B2', 'B3']
2054.7748 : M2 interrupted. To mine block 4 now
2054.7748 : M5 added Block B3 to the chain
2054.7748 : M5 has current chain: ['B0', 'B1', 'B2', 'B3']
2054.7748 : M5 interrupted. To mine block 4 now
2054.7749 : M7 added Block B3 to the chain
2054.7749 : M7 has current chain: ['B0', 'B1', 'B2', 'B3']
2054.7749 : M7 interrupted. To mine block 4 now
2054.7749 : M10 added Block B3 to the chain
2054.7749 : M10 has current chain: ['B0', 'B1', 'B2', 'B3']
2054.7749 : M10 interrupted. To mine block 4 now
2054.7750 : M6 added Block B3 to the chain
2054.7750 : M6 has current chain: ['B0', 'B1', 'B2', 'B3']
2054.7750 : M6 interrupted. To mine block 4 now
2054.7751 : F7 added Block B3 to the chain
2054.7751 : F7 has current chain: ['B0', 'B1', 'B2', 'B3']
2054.7751 : M3 added Block B3 to the chain
2054.7751 : M3 has current chain: ['B0', 'B1', 'B2', 'B3']
2054.7751 : M3 interrupted. To mine block 4 now
2054.7752 : F4 added Block B3 to the chain
2054.7752 : F4 has current chain: ['B0', 'B1', 'B2', 'B3']
2054.7753 : F5 added Block B3 to the chain
2054.7753 : F5 has current chain: ['B0', 'B1', 'B2', 'B3']
2054.7753 : M12 added Block B3 to the chain
2054.7753 : M12 has current chain: ['B0', 'B1', 'B2', 'B3']
2054.7753 : M12 interrupted. To mine block 4 now
2054.7754 : M9 added Block B3 to the chain
2054.7754 : M9 has current chain: ['B0', 'B1', 'B2', 'B3']
2054.7754 : M9 interrupted. To mine block 4 now
2058.8767 : M11 proposing B3 with transaction list count 21 with transactions ['T71', 'T58', 'T67'] ...
2058.8767 : M11 generated Block B3
2058.8767 : M11 has current chain: ['B0', 'B1', 'B2', 'B3']
2058.8767 : Node M11 propagated Block B3
2058.8773 : M14 added Block B3 to the chain
2058.8773 : M14 has current chain: ['B0', 'B1', 'B2', 'B3']
2058.8773 : M14 interrupted. To mine block 4 now
2058.8775 : F1 added Block B3 to the chain
2058.8775 : F1 has current chain: ['B0', 'B1', 'B2', 'B3']
2058.8775 : F8 added Block B3 to the chain
2058.8775 : F8 has current chain: ['B0', 'B1', 'B2', 'B3']
2058.8777 : M4 added Block B3 to the chain
2058.8777 : M4 has current chain: ['B0', 'B1', 'B2', 'B3']
2058.8777 : M4 interrupted. To mine block 4 now
2068.4575 : M0 proposing B3 with transaction list count 21 with transactions ['T71', 'T58', 'T67'] ...
2068.4575 : M0 generated Block B3
2068.4575 : M0 has current chain: ['B0', 'B1', 'B2', 'B3']
2068.4575 : Node M0 propagated Block B3
2068.4582 : F2 added Block B3 to the chain
2068.4582 : F2 has current chain: ['B0', 'B1', 'B2', 'B3']
2068.4584 : M1 added Block B3 to the chain
2068.4584 : M1 has current chain: ['B0', 'B1', 'B2', 'B3']
2068.4584 : M1 interrupted. To mine block 4 now
2079.4800 : T77 added with reward 8.00
2106.1400 : T78 added with reward 7.10
2132.8000 : T79 added with reward 3.50
2159.4600 : T80 added with reward 4.10
2186.1200 : T81 added with reward 9.30
2212.7800 : T82 added with reward 1.20
2239.4400 : T83 added with reward 9.70
2266.1000 : T84 added with reward 8.50
2292.7600 : T85 added with reward 8.00
2319.4200 : T86 added with reward 8.70
2346.0800 : T87 added with reward 7.70
2372.7400 : T88 added with reward 0.30
2399.4000 : T89 added with reward 0.20
2426.0600 : T90 added with reward 9.70
2452.7200 : T91 added with reward 1.60
2479.3800 : T92 added with reward 6.40
2506.0400 : T93 added with reward 9.90
2532.7000 : T94 added with reward 2.10
2541.8562 : M12 proposing B4 with transaction list count 18 with transactions ['T93', 'T83', 'T90'] ...
2541.8562 : M12 generated Block B4
2541.8562 : M12 has current chain: ['B0', 'B1', 'B2', 'B3', 'B4']
2541.8562 : Node M12 propagated Block B4
2541.8565 : M13 added Block B4 to the chain
2541.8565 : M13 has current chain: ['B0', 'B1', 'B2', 'B3', 'B4']
2541.8565 : M13 interrupted. To mine block 5 now
2541.8566 : F6 added Block B4 to the chain
2541.8566 : F6 has current chain: ['B0', 'B1', 'B2', 'B3', 'B4']
2541.8567 : F1 added Block B4 to the chain
2541.8567 : F1 has current chain: ['B0', 'B1', 'B2', 'B3', 'B4']
2541.8568 : F0 updated to chain of F6 and reverted 2 blocks
2541.8568 : M8 added Block B4 to the chain
2541.8568 : M8 has current chain: ['B0', 'B1', 'B2', 'B3', 'B4']
2541.8568 : M8 interrupted. To mine block 5 now
2541.8568 : M11 added Block B4 to the chain
2541.8568 : M11 has current chain: ['B0', 'B1', 'B2', 'B3', 'B4']
2541.8568 : M11 interrupted. To mine block 5 now
2541.8569 : M2 added Block B4 to the chain
2541.8569 : M2 has current chain: ['B0', 'B1', 'B2', 'B3', 'B4']
2541.8569 : M2 interrupted. To mine block 5 now
2541.8570 : M10 added Block B4 to the chain
2541.8570 : M10 has current chain: ['B0', 'B1', 'B2', 'B3', 'B4']
2541.8570 : M10 interrupted. To mine block 5 now
2541.8571 : F2 added Block B4 to the chain
2541.8571 : F2 has current chain: ['B0', 'B1', 'B2', 'B3', 'B4']
2541.8571 : M3 added Block B4 to the chain
2541.8571 : M3 has current chain: ['B0', 'B1', 'B2', 'B3', 'B4']
2541.8571 : M3 interrupted. To mine block 5 now
2541.8571 : M4 added Block B4 to the chain
2541.8571 : M4 has current chain: ['B0', 'B1', 'B2', 'B3', 'B4']
2541.8571 : M4 interrupted. To mine block 5 now
2541.8572 : M1 added Block B4 to the chain
2541.8572 : M1 has current chain: ['B0', 'B1', 'B2', 'B3', 'B4']
2541.8572 : M1 interrupted. To mine block 5 now
2541.8575 : M9 added Block B4 to the chain
2541.8575 : M9 has current chain: ['B0', 'B1', 'B2', 'B3', 'B4']
2541.8575 : M9 interrupted. To mine block 5 now
2559.3600 : T95 added with reward 3.00
2586.0200 : T96 added with reward 0.30
2589.8530 : M0 proposing B4 with transaction list count 20 with transactions ['T93', 'T83', 'T90'] ...
2589.8530 : M0 generated Block B4
2589.8530 : M0 has current chain: ['B0', 'B1', 'B2', 'B3', 'B4']
2589.8530 : Node M0 propagated Block B4
2589.8533 : M7 added Block B4 to the chain
2589.8533 : M7 has current chain: ['B0', 'B1', 'B2', 'B3', 'B4']
2589.8533 : M7 interrupted. To mine block 5 now
2589.8535 : M14 added Block B4 to the chain
2589.8535 : M14 has current chain: ['B0', 'B1', 'B2', 'B3', 'B4']
2589.8535 : M14 interrupted. To mine block 5 now
2589.8537 : M6 added Block B4 to the chain
2589.8537 : M6 has current chain: ['B0', 'B1', 'B2', 'B3', 'B4']
2589.8537 : M6 interrupted. To mine block 5 now
2589.8537 : F7 added Block B4 to the chain
2589.8537 : F7 has current chain: ['B0', 'B1', 'B2', 'B3', 'B4']
2589.8540 : F8 added Block B4 to the chain
2589.8540 : F8 has current chain: ['B0', 'B1', 'B2', 'B3', 'B4']
2612.6800 : T97 added with reward 0.60
2632.3257 : M5 proposing B4 with transaction list count 21 with transactions ['T93', 'T83', 'T90'] ...
2632.3257 : M5 generated Block B4
2632.3257 : M5 has current chain: ['B0', 'B1', 'B2', 'B3', 'B4']
2632.3257 : Node M5 propagated Block B4
2632.3266 : F3 updated to chain of F2 and reverted 2 blocks
2632.3269 : F4 added Block B4 to the chain
2632.3269 : F4 has current chain: ['B0', 'B1', 'B2', 'B3', 'B4']
2632.3271 : F5 added Block B4 to the chain
2632.3271 : F5 has current chain: ['B0', 'B1', 'B2', 'B3', 'B4']
2639.3400 : T98 added with reward 5.80
2666.0000 : T99 added with reward 1.50
2692.6600 : T100 added with reward 7.80
2719.3200 : T101 added with reward 4.60
2745.9800 : T102 added with reward 4.70
2772.6400 : T103 added with reward 2.00
2799.3000 : T104 added with reward 9.50
2825.9600 : T105 added with reward 2.40
2852.6200 : T106 added with reward 8.00
2879.2800 : T107 added with reward 4.70
2905.9400 : T108 added with reward 1.00
2932.6000 : T109 added with reward 3.80
2959.2600 : T110 added with reward 5.20
2985.9200 : T111 added with reward 7.90
3012.5800 : T112 added with reward 5.50
3035.6538 : M1 proposing B5 with transaction list count 18 with transactions ['T104', 'T106', 'T111'] ...
3035.6538 : M1 generated Block B5
3035.6538 : M1 has current chain: ['B0', 'B1', 'B2', 'B3', 'B4', 'B5']
3035.6538 : Node M1 propagated Block B5
3035.6542 : F1 added Block B5 to the chain
3035.6542 : F1 has current chain: ['B0', 'B1', 'B2', 'B3', 'B4', 'B5']
3035.6543 : F6 added Block B5 to the chain
3035.6543 : F6 has current chain: ['B0', 'B1', 'B2', 'B3', 'B4', 'B5']
3035.6543 : M2 added Block B5 to the chain
3035.6543 : M2 has current chain: ['B0', 'B1', 'B2', 'B3', 'B4', 'B5']
3035.6543 : M2 interrupted. To mine block 6 now
3035.6544 : M11 added Block B5 to the chain
3035.6544 : M11 has current chain: ['B0', 'B1', 'B2', 'B3', 'B4', 'B5']
3035.6544 : M11 interrupted. To mine block 6 now
3035.6544 : M8 added Block B5 to the chain
3035.6544 : M8 has current chain: ['B0', 'B1', 'B2', 'B3', 'B4', 'B5']
3035.6544 : M8 interrupted. To mine block 6 now
3035.6544 : M6 added Block B5 to the chain
3035.6544 : M6 has current chain: ['B0', 'B1', 'B2', 'B3', 'B4', 'B5']
3035.6544 : M6 interrupted. To mine block 6 now
3035.6545 : M13 added Block B5 to the chain
3035.6545 : M13 has current chain: ['B0', 'B1', 'B2', 'B3', 'B4', 'B5']
3035.6545 : M13 interrupted. To mine block 6 now
3035.6546 : M14 added Block B5 to the chain
3035.6546 : M14 has current chain: ['B0', 'B1', 'B2', 'B3', 'B4', 'B5']
3035.6546 : M14 interrupted. To mine block 6 now
3035.6547 : F8 added Block B5 to the chain
3035.6547 : F8 has current chain: ['B0', 'B1', 'B2', 'B3', 'B4', 'B5']
3035.6548 : M9 added Block B5 to the chain
3035.6548 : M9 has current chain: ['B0', 'B1', 'B2', 'B3', 'B4', 'B5']
3035.6548 : M9 interrupted. To mine block 6 now
3035.6549 : M4 added Block B5 to the chain
3035.6549 : M4 has current chain: ['B0', 'B1', 'B2', 'B3', 'B4', 'B5']
3035.6549 : M4 interrupted. To mine block 6 now
3035.6549 : F5 added Block B5 to the chain
3035.6549 : F5 has current chain: ['B0', 'B1', 'B2', 'B3', 'B4', 'B5']
3035.6551 : M12 added Block B5 to the chain
3035.6551 : M12 has current chain: ['B0', 'B1', 'B2', 'B3', 'B4', 'B5']
3035.6551 : M12 interrupted. To mine block 6 now
3039.2400 : T113 added with reward 3.90
3062.5752 : M10 proposing B5 with transaction list count 19 with transactions ['T104', 'T106', 'T111'] ...
3062.5752 : M10 generated Block B5
3062.5752 : M10 has current chain: ['B0', 'B1', 'B2', 'B3', 'B4', 'B5']
3062.5752 : Node M10 propagated Block B5
3062.5756 : M0 added Block B5 to the chain
3062.5756 : M0 has current chain: ['B0', 'B1', 'B2', 'B3', 'B4', 'B5']
3062.5756 : M0 interrupted. To mine block 6 now
3062.5757 : M5 added Block B5 to the chain
3062.5757 : M5 has current chain: ['B0', 'B1', 'B2', 'B3', 'B4', 'B5']
3062.5757 : M5 interrupted. To mine block 6 now
3062.5757 : F9 updated to chain of M0 and reverted 3 blocks
3062.5758 : M3 added Block B5 to the chain
3062.5758 : M3 has current chain: ['B0', 'B1', 'B2', 'B3', 'B4', 'B5']
3062.5758 : M3 interrupted. To mine block 6 now
3062.5760 : F4 added Block B5 to the chain
3062.5760 : F4 has current chain: ['B0', 'B1', 'B2', 'B3', 'B4', 'B5']
3065.9000 : T114 added with reward 9.00
3092.5600 : T115 added with reward 6.40
3119.2200 : T116 added with reward 6.70
3145.8800 : T117 added with reward 2.00
3162.3065 : M7 proposing B5 with transaction list count 21 with transactions ['T104', 'T114', 'T106'] ...
3162.3065 : M7 generated Block B5
3162.3065 : M7 has current chain: ['B0', 'B1', 'B2', 'B3', 'B4', 'B5']
3162.3065 : Node M7 propagated Block B5
3162.3068 : F0 added Block B5 to the chain
3162.3068 : F0 has current chain: ['B0', 'B1', 'B2', 'B3', 'B4', 'B5']
3162.3068 : F7 added Block B5 to the chain
3162.3068 : F7 has current chain: ['B0', 'B1', 'B2', 'B3', 'B4', 'B5']
3162.3078 : F3 added Block B5 to the chain
3162.3078 : F3 has current chain: ['B0', 'B1', 'B2', 'B3', 'B4', 'B5']
3172.5400 : T118 added with reward 7.10
3199.2000 : T119 added with reward 4.80
3225.8600 : T120 added with reward 2.30
3252.5200 : T121 added with reward 8.90
3279.1800 : T122 added with reward 9.30
3305.8400 : T123 added with reward 0.40
3332.5000 : T124 added with reward 9.00
3359.1600 : T125 added with reward 7.90
3385.8200 : T126 added with reward 5.50
3412.4800 : T127 added with reward 9.80
3439.1400 : T128 added with reward 7.00
3465.8000 : T129 added with reward 4.20
3492.4600 : T130 added with reward 1.70
3519.1200 : T131 added with reward 0.50
3541.2382 : M6 proposing B6 with transaction list count 19 with transactions ['T127', 'T122', 'T114'] ...
3541.2382 : M6 generated Block B6
3541.2382 : M6 has current chain: ['B0', 'B1', 'B2', 'B3', 'B4', 'B5', 'B6']
3541.2382 : Node M6 propagated Block B6
3541.2385 : F6 added Block B6 to the chain
3541.2385 : F6 has current chain: ['B0', 'B1', 'B2', 'B3', 'B4', 'B5', 'B6']
3541.2386 : M3 added Block B6 to the chain
3541.2386 : M3 has current chain: ['B0', 'B1', 'B2', 'B3', 'B4', 'B5', 'B6']
3541.2386 : M3 interrupted. To mine block 7 now
3541.2386 : F0 added Block B6 to the chain
3541.2386 : F0 has current chain: ['B0', 'B1', 'B2', 'B3', 'B4', 'B5', 'B6']
3541.2386 : M0 added Block B6 to the chain
3541.2386 : M0 has current chain: ['B0', 'B1', 'B2', 'B3', 'B4', 'B5', 'B6']
3541.2386 : M0 interrupted. To mine block 7 now
3541.2387 : M14 added Block B6 to the chain
3541.2387 : M14 has current chain: ['B0', 'B1', 'B2', 'B3', 'B4', 'B5', 'B6']
3541.2387 : M14 interrupted. To mine block 7 now
3541.2387 : M11 added Block B6 to the chain
3541.2387 : M11 has current chain: ['B0', 'B1', 'B2', 'B3', 'B4', 'B5', 'B6']
3541.2387 : M11 interrupted. To mine block 7 now
3541.2387 : M8 added Block B6 to the chain
3541.2387 : M8 has current chain: ['B0', 'B1', 'B2', 'B3', 'B4', 'B5', 'B6']
3541.2387 : M8 interrupted. To mine block 7 now
3541.2388 : M2 added Block B6 to the chain
3541.2388 : M2 has current chain: ['B0', 'B1', 'B2', 'B3', 'B4', 'B5', 'B6']
3541.2388 : M2 interrupted. To mine block 7 now
3541.2391 : M9 added Block B6 to the chain
3541.2391 : M9 has current chain: ['B0', 'B1', 'B2', 'B3', 'B4', 'B5', 'B6']
3541.2391 : M9 interrupted. To mine block 7 now
3541.2392 : F5 added Block B6 to the chain
3541.2392 : F5 has current chain: ['B0', 'B1', 'B2', 'B3', 'B4', 'B5', 'B6']
3541.2393 : F2 updated to chain of M6 and reverted 2 blocks
3541.2394 : F8 added Block B6 to the chain
3541.2394 : F8 has current chain: ['B0', 'B1', 'B2', 'B3', 'B4', 'B5', 'B6']
3541.2395 : F3 added Block B6 to the chain
3541.2395 : F3 has current chain: ['B0', 'B1', 'B2', 'B3', 'B4', 'B5', 'B6']
3545.7800 : T132 added with reward 3.10
3572.4400 : T133 added with reward 2.00
3578.1851 : M13 proposing B6 with transaction list count 21 with transactions ['T127', 'T122', 'T114'] ...
3578.1851 : M13 generated Block B6
3578.1851 : M13 has current chain: ['B0', 'B1', 'B2', 'B3', 'B4', 'B5', 'B6']
3578.1851 : Node M13 propagated Block B6
3578.1856 : F1 added Block B6 to the chain
3578.1856 : F1 has current chain: ['B0', 'B1', 'B2', 'B3', 'B4', 'B5', 'B6']
3578.1856 : M10 added Block B6 to the chain
3578.1856 : M10 has current chain: ['B0', 'B1', 'B2', 'B3', 'B4', 'B5', 'B6']
3578.1856 : M10 interrupted. To mine block 7 now
3578.1857 : F7 added Block B6 to the chain
3578.1857 : F7 has current chain: ['B0', 'B1', 'B2', 'B3', 'B4', 'B5', 'B6']
3578.1859 : F4 added Block B6 to the chain
3578.1859 : F4 has current chain: ['B0', 'B1', 'B2', 'B3', 'B4', 'B5', 'B6']
3578.1863 : M4 added Block B6 to the chain
3578.1863 : M4 has current chain: ['B0', 'B1', 'B2', 'B3', 'B4', 'B5', 'B6']
3578.1863 : M4 interrupted. To mine block 7 now
3592.5449 : M1 proposing B6 with transaction list count 21 with transactions ['T127', 'T122', 'T114'] ...
3592.5449 : M1 generated Block B6
3592.5449 : M1 has current chain: ['B0', 'B1', 'B2', 'B3', 'B4', 'B5', 'B6']
3592.5449 : Node M1 propagated Block B6
3592.5459 : M12 added Block B6 to the chain
3592.5459 : M12 has current chain: ['B0', 'B1', 'B2', 'B3', 'B4', 'B5', 'B6']
3592.5459 : M12 interrupted. To mine block 7 now
3599.1000 : T134 added with reward 1.50
3625.7600 : T135 added with reward 1.30
3652.4200 : T136 added with reward 1.90
3676.4153 : M5 proposing B6 with transaction list count 23 with transactions ['T127', 'T122', 'T114'] ...
3676.4153 : M5 generated Block B6
3676.4153 : M5 has current chain: ['B0', 'B1', 'B2', 'B3', 'B4', 'B5', 'B6']
3676.4153 : Node M5 propagated Block B6
3679.0800 : T137 added with reward 0.40
3705.7400 : T138 added with reward 4.30
3732.4000 : T139 added with reward 4.50
3759.0600 : T140 added with reward 6.40
3762.0365 : M7 proposing B6 with transaction list count 23 with transactions ['T127', 'T122', 'T124'] ...
3762.0365 : M7 generated Block B6
3762.0365 : M7 has current chain: ['B0', 'B1', 'B2', 'B3', 'B4', 'B5', 'B6']
3762.0365 : Node M7 propagated Block B6
3762.0370 : F9 added Block B6 to the chain
3762.0370 : F9 has current chain: ['B0', 'B1', 'B2', 'B3', 'B4', 'B5', 'B6']
3785.7200 : T141 added with reward 3.80
3812.3800 : T142 added with reward 2.20
3839.0400 : T143 added with reward 9.40
3865.7000 : T144 added with reward 1.20
3892.3600 : T145 added with reward 4.90
3919.0200 : T146 added with reward 8.20
3945.6800 : T147 added with reward 3.90
3972.3400 : T148 added with reward 4.60
3999.0000 : T149 added with reward 1.10
4025.6600 : T150 added with reward 1.60
4052.3200 : T151 added with reward 5.90
4057.9529 : M9 proposing B7 with transaction list count 20 with transactions ['T143', 'T146', 'T140'] ...
4057.9529 : M9 generated Block B7
4057.9529 : M9 has current chain: ['B0', 'B1', 'B2', 'B3', 'B4', 'B5', 'B6', 'B7']
4057.9529 : Node M9 propagated Block B7
4057.9532 : F6 added Block B7 to the chain
4057.9532 : F6 has current chain: ['B0', 'B1', 'B2', 'B3', 'B4', 'B5', 'B6', 'B7']
4057.9533 : M14 added Block B7 to the chain
4057.9533 : M14 has current chain: ['B0', 'B1', 'B2', 'B3', 'B4', 'B5', 'B6', 'B7']
4057.9533 : M14 interrupted. To mine block 8 now
4057.9534 : M6 added Block B7 to the chain
4057.9534 : M6 has current chain: ['B0', 'B1', 'B2', 'B3', 'B4', 'B5', 'B6', 'B7']
4057.9534 : M6 interrupted. To mine block 8 now
4057.9534 : M2 added Block B7 to the chain
4057.9534 : M2 has current chain: ['B0', 'B1', 'B2', 'B3', 'B4', 'B5', 'B6', 'B7']
4057.9534 : M2 interrupted. To mine block 8 now
4057.9534 : F9 added Block B7 to the chain
4057.9534 : F9 has current chain: ['B0', 'B1', 'B2', 'B3', 'B4', 'B5', 'B6', 'B7']
4057.9534 : M5 added Block B7 to the chain
4057.9534 : M5 has current chain: ['B0', 'B1', 'B2', 'B3', 'B4', 'B5', 'B6', 'B7']
4057.9534 : M5 interrupted. To mine block 8 now
4057.9535 : M3 added Block B7 to the chain
4057.9535 : M3 has current chain: ['B0', 'B1', 'B2', 'B3', 'B4', 'B5', 'B6', 'B7']
4057.9535 : M3 interrupted. To mine block 8 now
4057.9536 : M11 added Block B7 to the chain
4057.9536 : M11 has current chain: ['B0', 'B1', 'B2', 'B3', 'B4', 'B5', 'B6', 'B7']
4057.9536 : M11 interrupted. To mine block 8 now
4057.9538 : F3 added Block B7 to the chain
4057.9538 : F3 has current chain: ['B0', 'B1', 'B2', 'B3', 'B4', 'B5', 'B6', 'B7']
4057.9538 : M1 added Block B7 to the chain
4057.9538 : M1 has current chain: ['B0', 'B1', 'B2', 'B3', 'B4', 'B5', 'B6', 'B7']
4057.9538 : M1 interrupted. To mine block 8 now
4057.9539 : M12 added Block B7 to the chain
4057.9539 : M12 has current chain: ['B0', 'B1', 'B2', 'B3', 'B4', 'B5', 'B6', 'B7']
4057.9539 : M12 interrupted. To mine block 8 now
4057.9539 : M4 added Block B7 to the chain
4057.9539 : M4 has current chain: ['B0', 'B1', 'B2', 'B3', 'B4', 'B5', 'B6', 'B7']
4057.9539 : M4 interrupted. To mine block 8 now
4057.9540 : F7 added Block B7 to the chain
4057.9540 : F7 has current chain: ['B0', 'B1', 'B2', 'B3', 'B4', 'B5', 'B6', 'B7']
4078.9800 : T152 added with reward 3.80
4099.3190 : M8 proposing B7 with transaction list count 21 with transactions ['T143', 'T146', 'T140'] ...
4099.3190 : M8 generated Block B7
4099.3190 : M8 has current chain: ['B0', 'B1', 'B2', 'B3', 'B4', 'B5', 'B6', 'B7']
4099.3190 : Node M8 propagated Block B7
4099.3194 : M7 added Block B7 to the chain
4099.3194 : M7 has current chain: ['B0', 'B1', 'B2', 'B3', 'B4', 'B5', 'B6', 'B7']
4099.3194 : M7 interrupted. To mine block 8 now
4099.3195 : M10 added Block B7 to the chain
4099.3195 : M10 has current chain: ['B0', 'B1', 'B2', 'B3', 'B4', 'B5', 'B6', 'B7']
4099.3195 : M10 interrupted. To mine block 8 now
4099.3195 : M13 added Block B7 to the chain
4099.3195 : M13 has current chain: ['B0', 'B1', 'B2', 'B3', 'B4', 'B5', 'B6', 'B7']
4099.3195 : M13 interrupted. To mine block 8 now
4099.3201 : F5 added Block B7 to the chain
4099.3201 : F5 has current chain: ['B0', 'B1', 'B2', 'B3', 'B4', 'B5', 'B6', 'B7']
4099.3204 : F4 added Block B7 to the chain
4099.3204 : F4 has current chain: ['B0', 'B1', 'B2', 'B3', 'B4', 'B5', 'B6', 'B7']
4105.6400 : T153 added with reward 8.60
4132.3000 : T154 added with reward 6.80
4133.4006 : M0 proposing B7 with transaction list count 23 with transactions ['T143', 'T153', 'T146'] ...
4133.4006 : M0 generated Block B7
4133.4006 : M0 has current chain: ['B0', 'B1', 'B2', 'B3', 'B4', 'B5', 'B6', 'B7']
4133.4006 : Node M0 propagated Block B7
4133.4013 : F8 added Block B7 to the chain
4133.4013 : F8 has current chain: ['B0', 'B1', 'B2', 'B3', 'B4', 'B5', 'B6', 'B7']
4133.4013 : F2 added Block B7 to the chain
4133.4013 : F2 has current chain: ['B0', 'B1', 'B2', 'B3', 'B4', 'B5', 'B6', 'B7']
4158.9600 : T155 added with reward 9.50
4185.6200 : T156 added with reward 2.00
4212.2800 : T157 added with reward 0.30
4238.9400 : T158 added with reward 5.40
4265.6000 : T159 added with reward 9.00
4292.2600 : T160 added with reward 8.10
4318.9200 : T161 added with reward 8.20
4345.5800 : T162 added with reward 5.30
4372.2400 : T163 added with reward 2.20
4398.9000 : T164 added with reward 7.50
4425.5600 : T165 added with reward 6.30
4452.2200 : T166 added with reward 0.10
4478.8800 : T167 added with reward 9.10
4505.5400 : T168 added with reward 1.60
4532.2000 : T169 added with reward 7.00
4550.8973 : M11 proposing B8 with transaction list count 18 with transactions ['T155', 'T167', 'T159'] ...
4550.8973 : M11 generated Block B8
4550.8973 : M11 has current chain: ['B0', 'B1', 'B2', 'B3', 'B4', 'B5', 'B6', 'B7', 'B8']
4550.8973 : Node M11 propagated Block B8
4550.8974 : M3 added Block B8 to the chain
4550.8974 : M3 has current chain: ['B0', 'B1', 'B2', 'B3', 'B4', 'B5', 'B6', 'B7', 'B8']
4550.8974 : M3 interrupted. To mine block 9 now
4550.8977 : M10 added Block B8 to the chain
4550.8977 : M10 has current chain: ['B0', 'B1', 'B2', 'B3', 'B4', 'B5', 'B6', 'B7', 'B8']
4550.8977 : M10 interrupted. To mine block 9 now
4550.8978 : F1 updated to chain of M11 and reverted 2 blocks
4550.8978 : M5 added Block B8 to the chain
4550.8978 : M5 has current chain: ['B0', 'B1', 'B2', 'B3', 'B4', 'B5', 'B6', 'B7', 'B8']
4550.8978 : M5 interrupted. To mine block 9 now
4550.8978 : M6 added Block B8 to the chain
4550.8978 : M6 has current chain: ['B0', 'B1', 'B2', 'B3', 'B4', 'B5', 'B6', 'B7', 'B8']
4550.8978 : M6 interrupted. To mine block 9 now
4550.8978 : M2 added Block B8 to the chain
4550.8978 : M2 has current chain: ['B0', 'B1', 'B2', 'B3', 'B4', 'B5', 'B6', 'B7', 'B8']
4550.8978 : M2 interrupted. To mine block 9 now
4550.8978 : M4 added Block B8 to the chain
4550.8978 : M4 has current chain: ['B0', 'B1', 'B2', 'B3', 'B4', 'B5', 'B6', 'B7', 'B8']
4550.8978 : M4 interrupted. To mine block 9 now
4550.8978 : M8 added Block B8 to the chain
4550.8978 : M8 has current chain: ['B0', 'B1', 'B2', 'B3', 'B4', 'B5', 'B6', 'B7', 'B8']
4550.8978 : M8 interrupted. To mine block 9 now
4550.8979 : M7 added Block B8 to the chain
4550.8979 : M7 has current chain: ['B0', 'B1', 'B2', 'B3', 'B4', 'B5', 'B6', 'B7', 'B8']
4550.8979 : M7 interrupted. To mine block 9 now
4550.8979 : M14 added Block B8 to the chain
4550.8979 : M14 has current chain: ['B0', 'B1', 'B2', 'B3', 'B4', 'B5', 'B6', 'B7', 'B8']
4550.8979 : M14 interrupted. To mine block 9 now
4550.8981 : F8 added Block B8 to the chain
4550.8981 : F8 has current chain: ['B0', 'B1', 'B2', 'B3', 'B4', 'B5', 'B6', 'B7', 'B8']
4550.8984 : F4 added Block B8 to the chain
4550.8984 : F4 has current chain: ['B0', 'B1', 'B2', 'B3', 'B4', 'B5', 'B6', 'B7', 'B8']
4550.8984 : M9 added Block B8 to the chain
4550.8984 : M9 has current chain: ['B0', 'B1', 'B2', 'B3', 'B4', 'B5', 'B6', 'B7', 'B8']
4550.8984 : M9 interrupted. To mine block 9 now
4558.8600 : T170 added with reward 9.40
4585.5200 : T171 added with reward 6.70
4612.1800 : T172 added with reward 9.30
4638.8400 : T173 added with reward 7.30
4653.6837 : M1 proposing B8 with transaction list count 22 with transactions ['T155', 'T170', 'T172'] ...
4653.6837 : M1 generated Block B8
4653.6837 : M1 has current chain: ['B0', 'B1', 'B2', 'B3', 'B4', 'B5', 'B6', 'B7', 'B8']
4653.6837 : Node M1 propagated Block B8
4653.6842 : M13 added Block B8 to the chain
4653.6842 : M13 has current chain: ['B0', 'B1', 'B2', 'B3', 'B4', 'B5', 'B6', 'B7', 'B8']
4653.6842 : M13 interrupted. To mine block 9 now
4653.6843 : F6 added Block B8 to the chain
4653.6843 : F6 has current chain: ['B0', 'B1', 'B2', 'B3', 'B4', 'B5', 'B6', 'B7', 'B8']
4653.6846 : F5 added Block B8 to the chain
4653.6846 : F5 has current chain: ['B0', 'B1', 'B2', 'B3', 'B4', 'B5', 'B6', 'B7', 'B8']
4653.6852 : M12 added Block B8 to the chain
4653.6852 : M12 has current chain: ['B0', 'B1', 'B2', 'B3', 'B4', 'B5', 'B6', 'B7', 'B8']
4653.6852 : M12 interrupted. To mine block 9 now
4665.5000 : T174 added with reward 1.70
4678.7152 : M0 proposing B8 with transaction list count 20 with transactions ['T155', 'T170', 'T172'] ...
4678.7152 : M0 generated Block B8
4678.7152 : M0 has current chain: ['B0', 'B1', 'B2', 'B3', 'B4', 'B5', 'B6', 'B7', 'B8']
4678.7152 : Node M0 propagated Block B8
4678.7156 : F7 added Block B8 to the chain
4678.7156 : F7 has current chain: ['B0', 'B1', 'B2', 'B3', 'B4', 'B5', 'B6', 'B7', 'B8']
4678.7157 : F2 added Block B8 to the chain
4678.7157 : F2 has current chain: ['B0', 'B1', 'B2', 'B3', 'B4', 'B5', 'B6', 'B7', 'B8']
4692.1600 : T175 added with reward 6.40
4718.8200 : T176 added with reward 9.50
4745.4800 : T177 added with reward 8.80
4772.1400 : T178 added with reward 4.60
4798.8000 : T179 added with reward 6.80
4825.4600 : T180 added with reward 6.00
4852.1200 : T181 added with reward 7.90
4878.7800 : T182 added with reward 8.30
4905.4400 : T183 added with reward 2.70
4932.1000 : T184 added with reward 1.50
4958.7600 : T185 added with reward 7.30
4985.4200 : T186 added with reward 2.50
5012.0800 : T187 added with reward 4.80
5038.7400 : T188 added with reward 1.00
5065.4000 : T189 added with reward 8.50
5072.2581 : M11 proposing B9 with transaction list count 20 with transactions ['T176', 'T170', 'T172'] ...
5072.2581 : M11 generated Block B9
5072.2581 : M11 has current chain: ['B0', 'B1', 'B2', 'B3', 'B4', 'B5', 'B6', 'B7', 'B8', 'B9']
5072.2581 : Node M11 propagated Block B9
5072.2584 : M3 added Block B9 to the chain
5072.2584 : M3 has current chain: ['B0', 'B1', 'B2', 'B3', 'B4', 'B5', 'B6', 'B7', 'B8', 'B9']
5072.2584 : M3 interrupted. To mine block 10 now
5072.2585 : M5 added Block B9 to the chain
5072.2585 : M5 has current chain: ['B0', 'B1', 'B2', 'B3', 'B4', 'B5', 'B6', 'B7', 'B8', 'B9']
5072.2585 : M5 interrupted. To mine block 10 now
5072.2586 : F1 added Block B9 to the chain
5072.2586 : F1 has current chain: ['B0', 'B1', 'B2', 'B3', 'B4', 'B5', 'B6', 'B7', 'B8', 'B9']
5072.2587 : M14 added Block B9 to the chain
5072.2587 : M14 has current chain: ['B0', 'B1', 'B2', 'B3', 'B4', 'B5', 'B6', 'B7', 'B8', 'B9']
5072.2587 : M14 interrupted. To mine block 10 now
5072.2587 : M7 added Block B9 to the chain
5072.2587 : M7 has current chain: ['B0', 'B1', 'B2', 'B3', 'B4', 'B5', 'B6', 'B7', 'B8', 'B9']
5072.2587 : M7 interrupted. To mine block 10 now
5072.2587 : M8 added Block B9 to the chain
5072.2587 : M8 has current chain: ['B0', 'B1', 'B2', 'B3', 'B4', 'B5', 'B6', 'B7', 'B8', 'B9']
5072.2587 : M8 interrupted. To mine block 10 now
5072.2587 : M6 added Block B9 to the chain
5072.2587 : M6 has current chain: ['B0', 'B1', 'B2', 'B3', 'B4', 'B5', 'B6', 'B7', 'B8', 'B9']
5072.2587 : M6 interrupted. To mine block 10 now
5072.2588 : F4 added Block B9 to the chain
5072.2588 : F4 has current chain: ['B0', 'B1', 'B2', 'B3', 'B4', 'B5', 'B6', 'B7', 'B8', 'B9']
5072.2589 : M2 added Block B9 to the chain
5072.2589 : M2 has current chain: ['B0', 'B1', 'B2', 'B3', 'B4', 'B5', 'B6', 'B7', 'B8', 'B9']
5072.2589 : M2 interrupted. To mine block 10 now
5072.2589 : M10 added Block B9 to the chain
5072.2589 : M10 has current chain: ['B0', 'B1', 'B2', 'B3', 'B4', 'B5', 'B6', 'B7', 'B8', 'B9']
5072.2589 : M10 interrupted. To mine block 10 now
5072.2591 : F8 added Block B9 to the chain
5072.2591 : F8 has current chain: ['B0', 'B1', 'B2', 'B3', 'B4', 'B5', 'B6', 'B7', 'B8', 'B9']
5072.2591 : M9 added Block B9 to the chain
5072.2591 : M9 has current chain: ['B0', 'B1', 'B2', 'B3', 'B4', 'B5', 'B6', 'B7', 'B8', 'B9']
5072.2591 : M9 interrupted. To mine block 10 now
5072.2594 : M4 added Block B9 to the chain
5072.2594 : M4 has current chain: ['B0', 'B1', 'B2', 'B3', 'B4', 'B5', 'B6', 'B7', 'B8', 'B9']
5072.2594 : M4 interrupted. To mine block 10 now
5092.0600 : T190 added with reward 5.30
5118.7200 : T191 added with reward 2.50
5145.3800 : T192 added with reward 6.10
5172.0400 : T193 added with reward 8.50
5198.7000 : T194 added with reward 8.20

--------------------All Miners--------------------

5200.0000 : M0 has current chain: ['B0', 'B1', 'B2', 'B3', 'B4', 'B5', 'B6', 'B7', 'B8']
5200.0000 : M1 has current chain: ['B0', 'B1', 'B2', 'B3', 'B4', 'B5', 'B6', 'B7', 'B8']
5200.0000 : M2 has current chain: ['B0', 'B1', 'B2', 'B3', 'B4', 'B5', 'B6', 'B7', 'B8', 'B9']
5200.0000 : M3 has current chain: ['B0', 'B1', 'B2', 'B3', 'B4', 'B5', 'B6', 'B7', 'B8', 'B9']
5200.0000 : M4 has current chain: ['B0', 'B1', 'B2', 'B3', 'B4', 'B5', 'B6', 'B7', 'B8', 'B9']
5200.0000 : M5 has current chain: ['B0', 'B1', 'B2', 'B3', 'B4', 'B5', 'B6', 'B7', 'B8', 'B9']
5200.0000 : M6 has current chain: ['B0', 'B1', 'B2', 'B3', 'B4', 'B5', 'B6', 'B7', 'B8', 'B9']
5200.0000 : M7 has current chain: ['B0', 'B1', 'B2', 'B3', 'B4', 'B5', 'B6', 'B7', 'B8', 'B9']
5200.0000 : M8 has current chain: ['B0', 'B1', 'B2', 'B3', 'B4', 'B5', 'B6', 'B7', 'B8', 'B9']
5200.0000 : M9 has current chain: ['B0', 'B1', 'B2', 'B3', 'B4', 'B5', 'B6', 'B7', 'B8', 'B9']
5200.0000 : M10 has current chain: ['B0', 'B1', 'B2', 'B3', 'B4', 'B5', 'B6', 'B7', 'B8', 'B9']
5200.0000 : M11 has current chain: ['B0', 'B1', 'B2', 'B3', 'B4', 'B5', 'B6', 'B7', 'B8', 'B9']
5200.0000 : M12 has current chain: ['B0', 'B1', 'B2', 'B3', 'B4', 'B5', 'B6', 'B7', 'B8']
5200.0000 : M13 has current chain: ['B0', 'B1', 'B2', 'B3', 'B4', 'B5', 'B6', 'B7', 'B8']
5200.0000 : M14 has current chain: ['B0', 'B1', 'B2', 'B3', 'B4', 'B5', 'B6', 'B7', 'B8', 'B9']
5200.0000 : F0 has current chain: ['B0', 'B1', 'B2', 'B3', 'B4', 'B5', 'B6']
5200.0000 : F1 has current chain: ['B0', 'B1', 'B2', 'B3', 'B4', 'B5', 'B6', 'B7', 'B8', 'B9']
5200.0000 : F2 has current chain: ['B0', 'B1', 'B2', 'B3', 'B4', 'B5', 'B6', 'B7', 'B8']
5200.0000 : F3 has current chain: ['B0', 'B1', 'B2', 'B3', 'B4', 'B5', 'B6', 'B7']
5200.0000 : F4 has current chain: ['B0', 'B1', 'B2', 'B3', 'B4', 'B5', 'B6', 'B7', 'B8', 'B9']
5200.0000 : F5 has current chain: ['B0', 'B1', 'B2', 'B3', 'B4', 'B5', 'B6', 'B7', 'B8']
5200.0000 : F6 has current chain: ['B0', 'B1', 'B2', 'B3', 'B4', 'B5', 'B6', 'B7', 'B8']
5200.0000 : F7 has current chain: ['B0', 'B1', 'B2', 'B3', 'B4', 'B5', 'B6', 'B7', 'B8']
5200.0000 : F8 has current chain: ['B0', 'B1', 'B2', 'B3', 'B4', 'B5', 'B6', 'B7', 'B8', 'B9']
5200.0000 : F9 has current chain: ['B0', 'B1', 'B2', 'B3', 'B4', 'B5', 'B6', 'B7']


						PARAMETERS
Number of Full nodes = 10
Number of Miners = 15
Degree of nodes = 13
Simulation time = 5200 seconds
						SIMULATION DATA
Location Distribution Data
Ireland : 36.0%
Tokyo : 44.0%
Ohio : 20.0%

Block Propagation Data
B0_i8rrm7gi24 : 0.0011952022813943586 seconds
B0_zdc6wxoe22 : 0.001143363122878327 seconds
B0_e7jt09oneo : 0.0007187703248519028 seconds
B0_rh3vpv1us3 : 0.00043763710436905967 seconds
B1_44ayvmg2yy : 0.0012726488429279925 seconds
B1_k5khwaqrc7 : 0.001302600329836423 seconds
B1_cx2pvcgj46 : 0.0010562552565716032 seconds
B2_ma56qe145j : 0.0011827817652374506 seconds
B2_qjslg34s5n : 0.0011109914203188964 seconds
B2_qutfhb3my7 : 0.0007745876237095217 seconds
B2_4mf06vkmwv : 0.0 seconds
B3_b90ui6o6mw : 0.0010912898624155787 seconds
B3_i5fbdq7t47 : 0.0010350896054660552 seconds
B3_unou1r059s : 0.0009057873176061548 seconds
B4_ezpjm1tc9m : 0.00123431437441468 seconds
B4_yrg55ypar1 : 0.0010327165159651486 seconds
B4_tw92j9hc4o : 0.0014472271541308146 seconds
B5_twzgzir612 : 0.001288953417315497 seconds
B5_oxi08b1ee9 : 0.0008222846349781321 seconds
B5_ezqgckwibs : 0.0013046919848420657 seconds
B6_1x1qctae1l : 0.001292042272780236 seconds
B6_1723dl0h3z : 0.0012432093790266663 seconds
B6_pck0bwwe2s : 0.0010185813293901447 seconds
B6_2ah4zjwdog : 0.0 seconds
B6_afbfai8g4l : 0.000504709036249551 seconds
B7_2o7fceu4ef : 0.0010831178606167668 seconds
B7_vhhykkavg3 : 0.001402033306476369 seconds
B7_n5krebh849 : 0.0006679696853097994 seconds
B8_zl7zm3nvc0 : 0.0011420517512306105 seconds
B8_h6r3wqtksv : 0.0015177495097304927 seconds
B8_b966tc04c6 : 0.0004891911221420742 seconds
B9_qxskqd9zx5 : 0.0013021255590501823 seconds
Mean Block Propagation time = 0.0010006241797260174 seconds
Median Block Propagation time = 0.0011011406413672375 seconds
Minimum Block Propagation time = 0.0 seconds
Maximum Block Propagation time = 0.0015177495097304927 seconds

Total number of Blocks = 10
Mean block size = 4825.0 bytes
Total number of Stale Blocks = 15
Total number of Transactions = 195

Node with longest chain = M2
Min waiting time = 6.858127879600033 with reward = 8.5
Median waiting time = 353.43812787959814
Max waiting time = 610.5152711529549 with reward = 9.0

Number of forks observed = 22

Simulation Time = 4.659180402755737 seconds

TPS = 41.42359456307969 seconds
